2024-01-23 18:24:43,232 - INFO - Mission generated successfully.
2024-01-23 18:24:43,232 - INFO - Date generated successfully.
2024-01-23 18:24:43,233 - INFO - Mission generated successfully.
2024-01-23 18:24:43,233 - INFO - Date generated successfully.
2024-01-23 18:24:43,233 - INFO - Device generated successfully.
2024-01-23 18:24:43,233 - INFO - Device status generated successfully.
2024-01-23 18:24:43,233 - INFO - Hash generated successfully.
2024-01-23 18:24:43,234 - INFO - Mission generated successfully.
2024-01-23 18:24:43,234 - INFO - Date generated successfully.
2024-01-23 18:24:43,234 - INFO - Device generated successfully.
2024-01-23 18:24:43,234 - INFO - Device status generated successfully.
2024-01-23 18:24:43,234 - INFO - Hash generated successfully.
2024-01-23 18:24:43,235 - INFO - Mission generated successfully.
2024-01-23 18:24:43,235 - INFO - Date generated successfully.
2024-01-23 18:24:43,235 - INFO - Device generated successfully.
2024-01-23 18:24:43,236 - INFO - Device status generated successfully.
2024-01-23 18:24:43,236 - INFO - Hash generated successfully.
2024-01-23 18:24:43,237 - INFO - Mission generated successfully.
2024-01-23 18:24:43,237 - INFO - Date generated successfully.
2024-01-23 18:24:43,238 - INFO - Mission generated successfully.
2024-01-23 18:24:43,238 - INFO - Date generated successfully.
2024-01-23 18:24:43,238 - INFO - Device generated successfully.
2024-01-23 18:24:43,238 - INFO - Device status generated successfully.
2024-01-23 18:24:43,238 - INFO - Hash generated successfully.
2024-01-23 18:24:43,239 - INFO - Mission generated successfully.
2024-01-23 18:24:43,239 - INFO - Date generated successfully.
2024-01-23 18:24:43,239 - INFO - Device generated successfully.
2024-01-23 18:24:43,239 - INFO - Device status generated successfully.
2024-01-23 18:24:43,239 - INFO - Hash generated successfully.
2024-01-23 18:24:43,240 - INFO - Mission generated successfully.
2024-01-23 18:24:43,240 - INFO - Date generated successfully.
2024-01-23 18:24:43,241 - INFO - Mission generated successfully.
2024-01-23 18:24:43,241 - INFO - Date generated successfully.
2024-01-23 18:24:43,241 - INFO - Device generated successfully.
2024-01-23 18:24:43,241 - INFO - Device status generated successfully.
2024-01-23 18:24:43,241 - INFO - Hash generated successfully.
2024-01-23 18:24:43,242 - INFO - Mission generated successfully.
2024-01-23 18:24:43,242 - INFO - Date generated successfully.
2024-01-23 18:24:43,242 - INFO - Device generated successfully.
2024-01-23 18:24:43,242 - INFO - Device status generated successfully.
2024-01-23 18:24:43,243 - INFO - Hash generated successfully.
2024-01-23 18:24:43,244 - INFO - Mission generated successfully.
2024-01-23 18:24:43,244 - INFO - Date generated successfully.
2024-01-23 18:24:43,245 - INFO - Device generated successfully.
2024-01-23 18:24:43,245 - INFO - Device status generated successfully.
2024-01-23 18:24:43,245 - INFO - Hash generated successfully.
2024-01-23 18:24:43,246 - INFO - Mission generated successfully.
2024-01-23 18:24:43,246 - INFO - Date generated successfully.
2024-01-23 18:24:43,246 - INFO - Device generated successfully.
2024-01-23 18:24:43,246 - INFO - Device status generated successfully.
2024-01-23 18:24:43,246 - INFO - Hash generated successfully.
2024-01-23 18:24:43,248 - INFO - Mission generated successfully.
2024-01-23 18:24:43,248 - INFO - Date generated successfully.
2024-01-23 18:24:43,249 - INFO - Mission generated successfully.
2024-01-23 18:24:43,249 - INFO - Date generated successfully.
2024-01-23 18:24:43,249 - INFO - Device generated successfully.
2024-01-23 18:24:43,249 - INFO - Device status generated successfully.
2024-01-23 18:24:43,249 - INFO - Hash generated successfully.
2024-01-23 18:24:43,250 - INFO - Mission generated successfully.
2024-01-23 18:24:43,250 - INFO - Date generated successfully.
2024-01-23 18:24:43,250 - INFO - Device generated successfully.
2024-01-23 18:24:43,250 - INFO - Device status generated successfully.
2024-01-23 18:24:43,250 - INFO - Hash generated successfully.
2024-01-23 18:24:43,252 - INFO - Mission generated successfully.
2024-01-23 18:24:43,252 - INFO - Date generated successfully.
2024-01-23 18:24:43,252 - INFO - Device generated successfully.
2024-01-23 18:24:43,252 - INFO - Device status generated successfully.
2024-01-23 18:24:43,252 - INFO - Hash generated successfully.
2024-01-23 18:24:43,253 - INFO - Mission generated successfully.
2024-01-23 18:24:43,253 - INFO - Date generated successfully.
2024-01-23 18:24:43,253 - INFO - Device generated successfully.
2024-01-23 18:24:43,253 - INFO - Device status generated successfully.
2024-01-23 18:24:43,254 - INFO - Hash generated successfully.
2024-01-23 18:24:43,255 - INFO - Mission generated successfully.
2024-01-23 18:24:43,255 - INFO - Date generated successfully.
2024-01-23 18:24:43,255 - INFO - Device generated successfully.
2024-01-23 18:24:43,255 - INFO - Device status generated successfully.
2024-01-23 18:24:43,255 - INFO - Hash generated successfully.
2024-01-23 18:24:48,261 - INFO - Mission generated successfully.
2024-01-23 18:24:48,261 - INFO - Date generated successfully.
2024-01-23 18:24:48,261 - INFO - Device generated successfully.
2024-01-23 18:24:48,261 - INFO - Device status generated successfully.
2024-01-23 18:24:48,261 - INFO - Hash generated successfully.
2024-01-23 18:24:48,262 - INFO - Mission generated successfully.
2024-01-23 18:24:48,262 - INFO - Date generated successfully.
2024-01-23 18:24:48,262 - INFO - Device generated successfully.
2024-01-23 18:24:48,263 - INFO - Device status generated successfully.
2024-01-23 18:24:48,263 - INFO - Hash generated successfully.
2024-01-23 18:24:53,269 - INFO - Mission generated successfully.
2024-01-23 18:24:53,269 - INFO - Date generated successfully.
2024-01-23 18:24:53,269 - INFO - Device generated successfully.
2024-01-23 18:24:53,269 - INFO - Device status generated successfully.
2024-01-23 18:24:53,269 - INFO - Hash generated successfully.
2024-01-23 18:24:53,270 - INFO - Mission generated successfully.
2024-01-23 18:24:53,270 - INFO - Date generated successfully.
2024-01-23 18:24:53,270 - INFO - Device generated successfully.
2024-01-23 18:24:53,270 - INFO - Device status generated successfully.
2024-01-23 18:24:53,270 - INFO - Hash generated successfully.
2024-01-23 18:24:53,271 - INFO - Mission generated successfully.
2024-01-23 18:24:53,271 - INFO - Date generated successfully.
2024-01-23 18:24:53,272 - INFO - Mission generated successfully.
2024-01-23 18:24:53,272 - INFO - Date generated successfully.
2024-01-23 18:24:53,272 - INFO - Device generated successfully.
2024-01-23 18:24:53,272 - INFO - Device status generated successfully.
2024-01-23 18:24:53,272 - INFO - Hash generated successfully.
2024-01-23 18:24:53,273 - INFO - Mission generated successfully.
2024-01-23 18:24:53,273 - INFO - Date generated successfully.
2024-01-23 18:24:53,274 - INFO - Mission generated successfully.
2024-01-23 18:24:53,274 - INFO - Date generated successfully.
2024-01-23 18:24:53,274 - INFO - Device generated successfully.
2024-01-23 18:24:53,274 - INFO - Device status generated successfully.
2024-01-23 18:24:53,274 - INFO - Hash generated successfully.
2024-01-23 18:24:53,275 - INFO - Mission generated successfully.
2024-01-23 18:24:53,275 - INFO - Date generated successfully.
2024-01-23 18:24:53,276 - INFO - Mission generated successfully.
2024-01-23 18:24:53,276 - INFO - Date generated successfully.
2024-01-23 18:24:53,276 - INFO - Device generated successfully.
2024-01-23 18:24:53,276 - INFO - Device status generated successfully.
2024-01-23 18:24:53,276 - INFO - Hash generated successfully.
2024-01-23 18:24:53,277 - INFO - Mission generated successfully.
2024-01-23 18:24:53,277 - INFO - Date generated successfully.
2024-01-23 18:24:53,278 - INFO - Mission generated successfully.
2024-01-23 18:24:53,278 - INFO - Date generated successfully.
2024-01-23 18:24:53,278 - INFO - Device generated successfully.
2024-01-23 18:24:53,278 - INFO - Device status generated successfully.
2024-01-23 18:24:53,278 - INFO - Hash generated successfully.
2024-01-23 18:24:53,280 - INFO - Mission generated successfully.
2024-01-23 18:24:53,280 - INFO - Date generated successfully.
2024-01-23 18:24:53,280 - INFO - Device generated successfully.
2024-01-23 18:24:53,280 - INFO - Device status generated successfully.
2024-01-23 18:24:53,280 - INFO - Hash generated successfully.
2024-01-23 18:24:53,281 - INFO - Mission generated successfully.
2024-01-23 18:24:53,281 - INFO - Date generated successfully.
2024-01-23 18:24:53,281 - INFO - Device generated successfully.
2024-01-23 18:24:53,281 - INFO - Device status generated successfully.
2024-01-23 18:24:53,281 - INFO - Hash generated successfully.
2024-01-23 18:24:53,282 - INFO - Mission generated successfully.
2024-01-23 18:24:53,282 - INFO - Date generated successfully.
2024-01-23 18:24:53,284 - INFO - Mission generated successfully.
2024-01-23 18:24:53,284 - INFO - Date generated successfully.
2024-01-23 18:24:53,284 - INFO - Device generated successfully.
2024-01-23 18:24:53,284 - INFO - Device status generated successfully.
2024-01-23 18:24:53,284 - INFO - Hash generated successfully.
2024-01-23 18:24:53,285 - INFO - Mission generated successfully.
2024-01-23 18:24:53,285 - INFO - Date generated successfully.
2024-01-23 18:24:53,285 - INFO - Device generated successfully.
2024-01-23 18:24:53,285 - INFO - Device status generated successfully.
2024-01-23 18:24:53,285 - INFO - Hash generated successfully.
2024-01-23 18:24:53,287 - INFO - Mission generated successfully.
2024-01-23 18:24:53,287 - INFO - Date generated successfully.
2024-01-23 18:24:53,287 - INFO - Device generated successfully.
2024-01-23 18:24:53,287 - INFO - Device status generated successfully.
2024-01-23 18:24:53,287 - INFO - Hash generated successfully.
2024-01-23 18:25:10,548 - INFO - Mission generated successfully.
2024-01-23 18:25:10,548 - INFO - Date generated successfully.
2024-01-23 18:25:10,548 - INFO - Device generated successfully.
2024-01-23 18:25:10,548 - INFO - Device status generated successfully.
2024-01-23 18:25:10,548 - INFO - Hash generated successfully.
2024-01-23 18:25:10,549 - INFO - Mission generated successfully.
2024-01-23 18:25:10,549 - INFO - Date generated successfully.
2024-01-23 18:25:10,549 - INFO - Device generated successfully.
2024-01-23 18:25:10,550 - INFO - Device status generated successfully.
2024-01-23 18:25:10,550 - INFO - Hash generated successfully.
2024-01-23 18:25:10,551 - INFO - Mission generated successfully.
2024-01-23 18:25:10,551 - INFO - Date generated successfully.
2024-01-23 18:25:10,551 - INFO - Device generated successfully.
2024-01-23 18:25:10,551 - INFO - Device status generated successfully.
2024-01-23 18:25:10,551 - INFO - Hash generated successfully.
2024-01-23 18:25:10,552 - INFO - Mission generated successfully.
2024-01-23 18:25:10,552 - INFO - Date generated successfully.
2024-01-23 18:25:10,553 - INFO - Mission generated successfully.
2024-01-23 18:25:10,553 - INFO - Date generated successfully.
2024-01-23 18:25:10,553 - INFO - Device generated successfully.
2024-01-23 18:25:10,553 - INFO - Device status generated successfully.
2024-01-23 18:25:10,553 - INFO - Hash generated successfully.
2024-01-23 18:25:10,554 - INFO - Mission generated successfully.
2024-01-23 18:25:10,554 - INFO - Date generated successfully.
2024-01-23 18:25:10,554 - INFO - Device generated successfully.
2024-01-23 18:25:10,554 - INFO - Device status generated successfully.
2024-01-23 18:25:10,554 - INFO - Hash generated successfully.
2024-01-23 18:25:10,555 - INFO - Mission generated successfully.
2024-01-23 18:25:10,555 - INFO - Date generated successfully.
2024-01-23 18:25:10,555 - INFO - Device generated successfully.
2024-01-23 18:25:10,555 - INFO - Device status generated successfully.
2024-01-23 18:25:10,555 - INFO - Hash generated successfully.
2024-01-23 18:25:10,556 - INFO - Mission generated successfully.
2024-01-23 18:25:10,556 - INFO - Date generated successfully.
2024-01-23 18:25:10,556 - INFO - Device generated successfully.
2024-01-23 18:25:10,556 - INFO - Device status generated successfully.
2024-01-23 18:25:10,557 - INFO - Hash generated successfully.
2024-01-23 18:25:10,557 - INFO - Mission generated successfully.
2024-01-23 18:25:10,558 - INFO - Date generated successfully.
2024-01-23 18:25:10,558 - INFO - Mission generated successfully.
2024-01-23 18:25:10,558 - INFO - Date generated successfully.
2024-01-23 18:25:10,559 - INFO - Device generated successfully.
2024-01-23 18:25:10,559 - INFO - Device status generated successfully.
2024-01-23 18:25:10,559 - INFO - Hash generated successfully.
2024-01-23 18:25:10,559 - INFO - Mission generated successfully.
2024-01-23 18:25:10,560 - INFO - Date generated successfully.
2024-01-23 18:25:10,560 - INFO - Device generated successfully.
2024-01-23 18:25:10,560 - INFO - Device status generated successfully.
2024-01-23 18:25:10,560 - INFO - Hash generated successfully.
2024-01-23 18:25:10,560 - INFO - Mission generated successfully.
2024-01-23 18:25:10,561 - INFO - Date generated successfully.
2024-01-23 18:25:10,561 - INFO - Device generated successfully.
2024-01-23 18:25:10,561 - INFO - Device status generated successfully.
2024-01-23 18:25:10,561 - INFO - Hash generated successfully.
2024-01-23 18:25:15,567 - INFO - Mission generated successfully.
2024-01-23 18:25:15,567 - INFO - Date generated successfully.
2024-01-23 18:25:15,567 - INFO - Device generated successfully.
2024-01-23 18:25:15,567 - INFO - Device status generated successfully.
2024-01-23 18:25:15,567 - INFO - Hash generated successfully.
2024-01-23 18:25:15,569 - INFO - Mission generated successfully.
2024-01-23 18:25:15,569 - INFO - Date generated successfully.
2024-01-23 18:25:15,569 - INFO - Device generated successfully.
2024-01-23 18:25:15,569 - INFO - Device status generated successfully.
2024-01-23 18:25:15,569 - INFO - Hash generated successfully.
2024-01-23 18:25:15,570 - INFO - Mission generated successfully.
2024-01-23 18:25:15,570 - INFO - Date generated successfully.
2024-01-23 18:25:15,570 - INFO - Device generated successfully.
2024-01-23 18:25:15,570 - INFO - Device status generated successfully.
2024-01-23 18:25:15,570 - INFO - Hash generated successfully.
2024-01-23 18:25:15,571 - INFO - Mission generated successfully.
2024-01-23 18:25:15,571 - INFO - Date generated successfully.
2024-01-23 18:25:20,575 - INFO - Mission generated successfully.
2024-01-23 18:25:20,575 - INFO - Date generated successfully.
2024-01-23 18:25:20,575 - INFO - Device generated successfully.
2024-01-23 18:25:20,575 - INFO - Device status generated successfully.
2024-01-23 18:25:20,575 - INFO - Hash generated successfully.
2024-01-23 18:25:20,576 - INFO - Mission generated successfully.
2024-01-23 18:25:20,576 - INFO - Date generated successfully.
2024-01-23 18:25:20,576 - INFO - Device generated successfully.
2024-01-23 18:25:20,576 - INFO - Device status generated successfully.
2024-01-23 18:25:20,576 - INFO - Hash generated successfully.
2024-01-23 18:25:20,577 - INFO - Mission generated successfully.
2024-01-23 18:25:20,577 - INFO - Date generated successfully.
2024-01-23 18:25:20,577 - INFO - Device generated successfully.
2024-01-23 18:25:20,577 - INFO - Device status generated successfully.
2024-01-23 18:25:20,577 - INFO - Hash generated successfully.
2024-01-23 18:25:20,578 - INFO - Mission generated successfully.
2024-01-23 18:25:20,578 - INFO - Date generated successfully.
2024-01-23 18:25:20,579 - INFO - Mission generated successfully.
2024-01-23 18:25:20,579 - INFO - Date generated successfully.
2024-01-23 18:25:20,579 - INFO - Device generated successfully.
2024-01-23 18:25:20,579 - INFO - Device status generated successfully.
2024-01-23 18:25:20,579 - INFO - Hash generated successfully.
2024-01-23 18:25:20,580 - INFO - Mission generated successfully.
2024-01-23 18:25:20,580 - INFO - Date generated successfully.
2024-01-23 18:25:20,580 - INFO - Device generated successfully.
2024-01-23 18:25:20,580 - INFO - Device status generated successfully.
2024-01-23 18:25:20,580 - INFO - Hash generated successfully.
2024-01-23 18:25:20,581 - INFO - Mission generated successfully.
2024-01-23 18:25:20,581 - INFO - Date generated successfully.
2024-01-23 18:25:20,582 - INFO - Mission generated successfully.
2024-01-23 18:25:20,582 - INFO - Date generated successfully.
2024-01-23 18:25:20,582 - INFO - Device generated successfully.
2024-01-23 18:25:20,582 - INFO - Device status generated successfully.
2024-01-23 18:25:20,582 - INFO - Hash generated successfully.
2024-01-23 18:25:20,583 - INFO - Mission generated successfully.
2024-01-23 18:25:20,583 - INFO - Date generated successfully.
2024-01-23 18:25:20,583 - INFO - Device generated successfully.
2024-01-23 18:25:20,583 - INFO - Device status generated successfully.
2024-01-23 18:25:20,583 - INFO - Hash generated successfully.
2024-01-23 18:25:20,584 - INFO - Mission generated successfully.
2024-01-23 18:25:20,584 - INFO - Date generated successfully.
2024-01-23 18:25:20,584 - INFO - Device generated successfully.
2024-01-23 18:25:20,584 - INFO - Device status generated successfully.
2024-01-23 18:25:20,584 - INFO - Hash generated successfully.
2024-01-23 18:25:20,585 - INFO - Mission generated successfully.
2024-01-23 18:25:20,585 - INFO - Date generated successfully.
2024-01-23 18:25:20,586 - INFO - Mission generated successfully.
2024-01-23 18:25:20,586 - INFO - Date generated successfully.
2024-01-23 18:25:20,586 - INFO - Device generated successfully.
2024-01-23 18:25:20,586 - INFO - Device status generated successfully.
2024-01-23 18:25:20,586 - INFO - Hash generated successfully.
2024-01-23 20:27:29,758 - INFO - Mission generated successfully.
2024-01-23 20:27:29,759 - INFO - Date generated successfully.
2024-01-23 20:27:29,759 - INFO - Device generated successfully.
2024-01-23 20:27:29,759 - INFO - Device status generated successfully.
2024-01-23 20:27:29,759 - INFO - Hash generated successfully.
2024-01-23 20:27:29,761 - INFO - Mission generated successfully.
2024-01-23 20:27:29,761 - INFO - Date generated successfully.
2024-01-23 20:27:29,761 - INFO - Device generated successfully.
2024-01-23 20:27:29,761 - INFO - Device status generated successfully.
2024-01-23 20:27:29,761 - INFO - Hash generated successfully.
2024-01-23 20:27:29,762 - INFO - Mission generated successfully.
2024-01-23 20:27:29,762 - INFO - Date generated successfully.
2024-01-23 20:27:29,762 - INFO - Device generated successfully.
2024-01-23 20:27:29,762 - INFO - Device status generated successfully.
2024-01-23 20:27:29,762 - INFO - Hash generated successfully.
2024-01-23 20:27:29,763 - INFO - Mission generated successfully.
2024-01-23 20:27:29,763 - INFO - Date generated successfully.
2024-01-23 20:27:29,764 - INFO - Device generated successfully.
2024-01-23 20:27:29,764 - INFO - Device status generated successfully.
2024-01-23 20:27:29,764 - INFO - Hash generated successfully.
2024-01-23 20:27:29,765 - INFO - Mission generated successfully.
2024-01-23 20:27:29,765 - INFO - Date generated successfully.
2024-01-23 20:27:29,766 - INFO - Mission generated successfully.
2024-01-23 20:27:29,766 - INFO - Date generated successfully.
2024-01-23 20:27:29,767 - INFO - Mission generated successfully.
2024-01-23 20:27:29,767 - INFO - Date generated successfully.
2024-01-23 20:27:29,768 - INFO - Mission generated successfully.
2024-01-23 20:27:29,768 - INFO - Date generated successfully.
2024-01-23 20:27:29,768 - INFO - Device generated successfully.
2024-01-23 20:27:29,768 - INFO - Device status generated successfully.
2024-01-23 20:27:29,768 - INFO - Hash generated successfully.
2024-01-23 20:27:29,769 - INFO - Mission generated successfully.
2024-01-23 20:27:29,769 - INFO - Date generated successfully.
2024-01-23 20:27:29,770 - INFO - Device generated successfully.
2024-01-23 20:27:29,770 - INFO - Device status generated successfully.
2024-01-23 20:27:29,770 - INFO - Hash generated successfully.
2024-01-23 20:27:29,771 - INFO - Mission generated successfully.
2024-01-23 20:27:29,771 - INFO - Date generated successfully.
2024-01-23 20:27:29,771 - INFO - Device generated successfully.
2024-01-23 20:27:29,771 - INFO - Device status generated successfully.
2024-01-23 20:27:29,771 - INFO - Hash generated successfully.
2024-01-23 20:27:29,772 - INFO - Mission generated successfully.
2024-01-23 20:27:29,773 - INFO - Date generated successfully.
2024-01-23 20:27:29,773 - INFO - Device generated successfully.
2024-01-23 20:27:29,773 - INFO - Device status generated successfully.
2024-01-23 20:27:29,773 - INFO - Hash generated successfully.
2024-01-23 20:27:29,774 - INFO - Mission generated successfully.
2024-01-23 20:27:29,775 - INFO - Date generated successfully.
2024-01-23 20:27:29,776 - INFO - Mission generated successfully.
2024-01-23 20:27:29,776 - INFO - Date generated successfully.
2024-01-23 20:27:29,776 - INFO - Device generated successfully.
2024-01-23 20:27:29,776 - INFO - Device status generated successfully.
2024-01-23 20:27:29,776 - INFO - Hash generated successfully.
2024-01-23 20:27:29,777 - INFO - Mission generated successfully.
2024-01-23 20:27:29,777 - INFO - Date generated successfully.
2024-01-23 20:27:29,778 - INFO - Device generated successfully.
2024-01-23 20:27:29,778 - INFO - Device status generated successfully.
2024-01-23 20:27:29,778 - INFO - Hash generated successfully.
2024-01-23 20:27:29,779 - INFO - Mission generated successfully.
2024-01-23 20:27:29,779 - INFO - Date generated successfully.
2024-01-23 20:27:29,779 - INFO - Device generated successfully.
2024-01-23 20:27:29,779 - INFO - Device status generated successfully.
2024-01-23 20:27:29,779 - INFO - Hash generated successfully.
2024-01-23 20:27:29,780 - INFO - Mission generated successfully.
2024-01-23 20:27:29,780 - INFO - Date generated successfully.
2024-01-23 20:27:29,780 - INFO - Device generated successfully.
2024-01-23 20:27:29,781 - INFO - Device status generated successfully.
2024-01-23 20:27:29,781 - INFO - Hash generated successfully.
2024-01-23 20:27:29,782 - INFO - Mission generated successfully.
2024-01-23 20:27:29,782 - INFO - Date generated successfully.
2024-01-23 20:27:29,782 - INFO - Device generated successfully.
2024-01-23 20:27:29,782 - INFO - Device status generated successfully.
2024-01-23 20:27:29,782 - INFO - Hash generated successfully.
2024-01-23 20:27:29,783 - INFO - Mission generated successfully.
2024-01-23 20:27:29,783 - INFO - Date generated successfully.
2024-01-23 20:27:29,783 - INFO - Device generated successfully.
2024-01-23 20:27:29,783 - INFO - Device status generated successfully.
2024-01-23 20:27:29,783 - INFO - Hash generated successfully.
2024-01-23 20:27:29,784 - INFO - Mission generated successfully.
2024-01-23 20:27:29,784 - INFO - Date generated successfully.
2024-01-23 20:27:29,784 - INFO - Device generated successfully.
2024-01-23 20:27:29,784 - INFO - Device status generated successfully.
2024-01-23 20:27:29,784 - INFO - Hash generated successfully.
2024-01-23 20:27:29,785 - INFO - Mission generated successfully.
2024-01-23 20:27:29,786 - INFO - Date generated successfully.
2024-01-23 20:27:29,786 - INFO - Device generated successfully.
2024-01-23 20:27:29,786 - INFO - Device status generated successfully.
2024-01-23 20:27:29,786 - INFO - Hash generated successfully.
2024-01-23 20:27:29,787 - INFO - Mission generated successfully.
2024-01-23 20:27:29,787 - INFO - Date generated successfully.
2024-01-23 20:27:29,787 - INFO - Device generated successfully.
2024-01-23 20:27:29,787 - INFO - Device status generated successfully.
2024-01-23 20:27:29,787 - INFO - Hash generated successfully.
2024-01-23 20:27:29,789 - INFO - Mission generated successfully.
2024-01-23 20:27:29,789 - INFO - Date generated successfully.
2024-01-23 20:27:34,796 - INFO - Mission generated successfully.
2024-01-23 20:27:34,797 - INFO - Date generated successfully.
2024-01-23 20:27:34,797 - INFO - Device generated successfully.
2024-01-23 20:27:34,797 - INFO - Device status generated successfully.
2024-01-23 20:27:34,797 - INFO - Hash generated successfully.
2024-01-23 20:27:34,798 - INFO - Mission generated successfully.
2024-01-23 20:27:34,798 - INFO - Date generated successfully.
2024-01-23 20:27:34,798 - INFO - Device generated successfully.
2024-01-23 20:27:34,798 - INFO - Device status generated successfully.
2024-01-23 20:27:34,798 - INFO - Hash generated successfully.
2024-01-23 20:27:34,800 - INFO - Mission generated successfully.
2024-01-23 20:27:34,800 - INFO - Date generated successfully.
2024-01-23 20:27:34,800 - INFO - Device generated successfully.
2024-01-23 20:27:34,800 - INFO - Device status generated successfully.
2024-01-23 20:27:34,800 - INFO - Hash generated successfully.
2024-01-23 20:27:34,801 - INFO - Mission generated successfully.
2024-01-23 20:27:34,801 - INFO - Date generated successfully.
2024-01-23 20:27:34,801 - INFO - Device generated successfully.
2024-01-23 20:27:34,801 - INFO - Device status generated successfully.
2024-01-23 20:27:34,801 - INFO - Hash generated successfully.
2024-01-23 20:27:34,802 - INFO - Mission generated successfully.
2024-01-23 20:27:34,802 - INFO - Date generated successfully.
2024-01-23 20:27:34,802 - INFO - Device generated successfully.
2024-01-23 20:27:34,802 - INFO - Device status generated successfully.
2024-01-23 20:27:34,803 - INFO - Hash generated successfully.
2024-01-23 20:27:34,804 - INFO - Mission generated successfully.
2024-01-23 20:27:34,804 - INFO - Date generated successfully.
2024-01-23 20:27:34,804 - INFO - Device generated successfully.
2024-01-23 20:27:34,804 - INFO - Device status generated successfully.
2024-01-23 20:27:34,804 - INFO - Hash generated successfully.
2024-01-23 20:27:34,805 - INFO - Mission generated successfully.
2024-01-23 20:27:34,805 - INFO - Date generated successfully.
2024-01-23 20:27:34,805 - INFO - Device generated successfully.
2024-01-23 20:27:34,805 - INFO - Device status generated successfully.
2024-01-23 20:27:34,805 - INFO - Hash generated successfully.
2024-01-23 20:27:34,806 - INFO - Mission generated successfully.
2024-01-23 20:27:34,806 - INFO - Date generated successfully.
2024-01-23 20:27:34,806 - INFO - Device generated successfully.
2024-01-23 20:27:34,806 - INFO - Device status generated successfully.
2024-01-23 20:27:34,806 - INFO - Hash generated successfully.
2024-01-23 20:27:34,807 - INFO - Mission generated successfully.
2024-01-23 20:27:34,807 - INFO - Date generated successfully.
2024-01-23 20:27:34,807 - INFO - Device generated successfully.
2024-01-23 20:27:34,807 - INFO - Device status generated successfully.
2024-01-23 20:27:34,807 - INFO - Hash generated successfully.
2024-01-23 20:27:34,808 - INFO - Mission generated successfully.
2024-01-23 20:27:34,808 - INFO - Date generated successfully.
2024-01-23 20:27:34,808 - INFO - Device generated successfully.
2024-01-23 20:27:34,808 - INFO - Device status generated successfully.
2024-01-23 20:27:34,808 - INFO - Hash generated successfully.
2024-01-23 20:27:34,809 - INFO - Mission generated successfully.
2024-01-23 20:27:34,809 - INFO - Date generated successfully.
2024-01-23 20:27:34,810 - INFO - Device generated successfully.
2024-01-23 20:27:34,810 - INFO - Device status generated successfully.
2024-01-23 20:27:34,810 - INFO - Hash generated successfully.
2024-01-23 20:27:34,810 - INFO - Mission generated successfully.
2024-01-23 20:27:34,811 - INFO - Date generated successfully.
2024-01-23 20:27:34,811 - INFO - Device generated successfully.
2024-01-23 20:27:34,811 - INFO - Device status generated successfully.
2024-01-23 20:27:34,811 - INFO - Hash generated successfully.
2024-01-23 20:27:34,812 - INFO - Mission generated successfully.
2024-01-23 20:27:34,812 - INFO - Date generated successfully.
2024-01-23 20:27:34,812 - INFO - Device generated successfully.
2024-01-23 20:27:34,812 - INFO - Device status generated successfully.
2024-01-23 20:27:34,812 - INFO - Hash generated successfully.
2024-01-23 20:27:34,813 - INFO - Mission generated successfully.
2024-01-23 20:27:34,813 - INFO - Date generated successfully.
2024-01-23 20:27:34,813 - INFO - Device generated successfully.
2024-01-23 20:27:34,813 - INFO - Device status generated successfully.
2024-01-23 20:27:34,813 - INFO - Hash generated successfully.
2024-01-23 20:27:34,814 - INFO - Mission generated successfully.
2024-01-23 20:27:34,814 - INFO - Date generated successfully.
2024-01-23 20:27:34,814 - INFO - Device generated successfully.
2024-01-23 20:27:34,814 - INFO - Device status generated successfully.
2024-01-23 20:27:34,814 - INFO - Hash generated successfully.
2024-01-23 20:27:34,815 - INFO - Mission generated successfully.
2024-01-23 20:27:34,815 - INFO - Date generated successfully.
2024-01-23 20:27:34,815 - INFO - Device generated successfully.
2024-01-23 20:27:34,816 - INFO - Device status generated successfully.
2024-01-23 20:27:34,816 - INFO - Hash generated successfully.
2024-01-23 20:27:34,817 - INFO - Mission generated successfully.
2024-01-23 20:27:34,817 - INFO - Date generated successfully.
2024-01-23 20:27:34,818 - INFO - Mission generated successfully.
2024-01-23 20:27:34,818 - INFO - Date generated successfully.
2024-01-23 20:27:34,818 - INFO - Device generated successfully.
2024-01-23 20:27:34,818 - INFO - Device status generated successfully.
2024-01-23 20:27:34,818 - INFO - Hash generated successfully.
2024-01-23 20:27:34,819 - INFO - Mission generated successfully.
2024-01-23 20:27:34,819 - INFO - Date generated successfully.
2024-01-23 20:27:34,819 - INFO - Device generated successfully.
2024-01-23 20:27:34,819 - INFO - Device status generated successfully.
2024-01-23 20:27:34,819 - INFO - Hash generated successfully.
2024-01-23 20:27:34,820 - INFO - Mission generated successfully.
2024-01-23 20:27:34,820 - INFO - Date generated successfully.
2024-01-23 20:27:34,820 - INFO - Device generated successfully.
2024-01-23 20:27:34,820 - INFO - Device status generated successfully.
2024-01-23 20:27:34,820 - INFO - Hash generated successfully.
2024-01-23 20:27:34,821 - INFO - Mission generated successfully.
2024-01-23 20:27:34,822 - INFO - Date generated successfully.
2024-01-23 20:27:34,822 - INFO - Device generated successfully.
2024-01-23 20:27:34,822 - INFO - Device status generated successfully.
2024-01-23 20:27:34,822 - INFO - Hash generated successfully.
2024-01-23 20:27:34,823 - INFO - Mission generated successfully.
2024-01-23 20:27:34,823 - INFO - Date generated successfully.
2024-01-23 20:27:34,823 - INFO - Device generated successfully.
2024-01-23 20:27:34,823 - INFO - Device status generated successfully.
2024-01-23 20:27:34,823 - INFO - Hash generated successfully.
2024-01-23 20:27:34,824 - INFO - Mission generated successfully.
2024-01-23 20:27:34,824 - INFO - Date generated successfully.
2024-01-23 20:27:34,824 - INFO - Device generated successfully.
2024-01-23 20:27:34,824 - INFO - Device status generated successfully.
2024-01-23 20:27:34,824 - INFO - Hash generated successfully.
2024-01-23 20:27:34,825 - INFO - Mission generated successfully.
2024-01-23 20:27:34,825 - INFO - Date generated successfully.
2024-01-23 20:27:34,825 - INFO - Device generated successfully.
2024-01-23 20:27:34,825 - INFO - Device status generated successfully.
2024-01-23 20:27:34,826 - INFO - Hash generated successfully.
2024-01-23 20:27:34,826 - INFO - Mission generated successfully.
2024-01-23 20:27:34,826 - INFO - Date generated successfully.
2024-01-23 20:27:34,827 - INFO - Device generated successfully.
2024-01-23 20:27:34,827 - INFO - Device status generated successfully.
2024-01-23 20:27:34,827 - INFO - Hash generated successfully.
2024-01-23 20:27:34,827 - INFO - Mission generated successfully.
2024-01-23 20:27:34,828 - INFO - Date generated successfully.
2024-01-23 20:27:34,829 - INFO - Mission generated successfully.
2024-01-23 20:27:34,829 - INFO - Date generated successfully.
2024-01-23 20:27:34,829 - INFO - Device generated successfully.
2024-01-23 20:27:34,829 - INFO - Device status generated successfully.
2024-01-23 20:27:34,829 - INFO - Hash generated successfully.
2024-01-23 20:27:34,831 - INFO - Mission generated successfully.
2024-01-23 20:27:34,831 - INFO - Date generated successfully.
2024-01-23 20:27:34,831 - INFO - Device generated successfully.
2024-01-23 20:27:34,831 - INFO - Device status generated successfully.
2024-01-23 20:27:34,831 - INFO - Hash generated successfully.
2024-01-23 20:27:34,833 - INFO - Mission generated successfully.
2024-01-23 20:27:34,833 - INFO - Date generated successfully.
2024-01-23 20:27:34,833 - INFO - Device generated successfully.
2024-01-23 20:27:34,833 - INFO - Device status generated successfully.
2024-01-23 20:27:34,833 - INFO - Hash generated successfully.
2024-01-23 20:27:34,834 - INFO - Mission generated successfully.
2024-01-23 20:27:34,834 - INFO - Date generated successfully.
2024-01-23 20:27:34,834 - INFO - Device generated successfully.
2024-01-23 20:27:34,834 - INFO - Device status generated successfully.
2024-01-23 20:27:34,834 - INFO - Hash generated successfully.
2024-01-23 20:27:34,835 - INFO - Mission generated successfully.
2024-01-23 20:27:34,835 - INFO - Date generated successfully.
2024-01-23 20:27:34,835 - INFO - Device generated successfully.
2024-01-23 20:27:34,835 - INFO - Device status generated successfully.
2024-01-23 20:27:34,835 - INFO - Hash generated successfully.
2024-01-23 20:27:34,836 - INFO - Mission generated successfully.
2024-01-23 20:27:34,836 - INFO - Date generated successfully.
2024-01-23 20:27:34,836 - INFO - Device generated successfully.
2024-01-23 20:27:34,836 - INFO - Device status generated successfully.
2024-01-23 20:27:34,836 - INFO - Hash generated successfully.
2024-01-23 20:27:34,837 - INFO - Mission generated successfully.
2024-01-23 20:27:34,838 - INFO - Date generated successfully.
2024-01-23 20:27:34,838 - INFO - Mission generated successfully.
2024-01-23 20:27:34,838 - INFO - Date generated successfully.
2024-01-23 20:27:34,839 - INFO - Device generated successfully.
2024-01-23 20:27:34,839 - INFO - Device status generated successfully.
2024-01-23 20:27:34,839 - INFO - Hash generated successfully.
2024-01-23 20:27:34,840 - INFO - Mission generated successfully.
2024-01-23 20:27:34,840 - INFO - Date generated successfully.
2024-01-23 20:27:34,840 - INFO - Device generated successfully.
2024-01-23 20:27:34,840 - INFO - Device status generated successfully.
2024-01-23 20:27:34,840 - INFO - Hash generated successfully.
2024-01-23 20:27:34,841 - INFO - Mission generated successfully.
2024-01-23 20:27:34,841 - INFO - Date generated successfully.
2024-01-23 20:27:34,843 - INFO - Mission generated successfully.
2024-01-23 20:27:34,843 - INFO - Date generated successfully.
2024-01-23 20:27:34,843 - INFO - Device generated successfully.
2024-01-23 20:27:34,843 - INFO - Device status generated successfully.
2024-01-23 20:27:34,843 - INFO - Hash generated successfully.
2024-01-23 20:27:39,850 - INFO - Mission generated successfully.
2024-01-23 20:27:39,850 - INFO - Date generated successfully.
2024-01-23 20:27:39,850 - INFO - Device generated successfully.
2024-01-23 20:27:39,851 - INFO - Device status generated successfully.
2024-01-23 20:27:39,851 - INFO - Hash generated successfully.
2024-01-23 20:27:39,852 - INFO - Mission generated successfully.
2024-01-23 20:27:39,852 - INFO - Date generated successfully.
2024-01-23 20:27:39,852 - INFO - Device generated successfully.
2024-01-23 20:27:39,852 - INFO - Device status generated successfully.
2024-01-23 20:27:39,852 - INFO - Hash generated successfully.
2024-01-23 20:27:39,853 - INFO - Mission generated successfully.
2024-01-23 20:27:39,853 - INFO - Date generated successfully.
2024-01-23 20:27:39,853 - INFO - Device generated successfully.
2024-01-23 20:27:39,853 - INFO - Device status generated successfully.
2024-01-23 20:27:39,853 - INFO - Hash generated successfully.
2024-01-23 20:27:39,854 - INFO - Mission generated successfully.
2024-01-23 20:27:39,854 - INFO - Date generated successfully.
2024-01-23 20:27:39,854 - INFO - Device generated successfully.
2024-01-23 20:27:39,854 - INFO - Device status generated successfully.
2024-01-23 20:27:39,854 - INFO - Hash generated successfully.
2024-01-23 20:27:39,855 - INFO - Mission generated successfully.
2024-01-23 20:27:39,855 - INFO - Date generated successfully.
2024-01-23 20:27:39,855 - INFO - Device generated successfully.
2024-01-23 20:27:39,855 - INFO - Device status generated successfully.
2024-01-23 20:27:39,856 - INFO - Hash generated successfully.
2024-01-23 20:27:39,856 - INFO - Mission generated successfully.
2024-01-23 20:27:39,857 - INFO - Date generated successfully.
2024-01-23 20:27:39,857 - INFO - Device generated successfully.
2024-01-23 20:27:39,857 - INFO - Device status generated successfully.
2024-01-23 20:27:39,857 - INFO - Hash generated successfully.
2024-01-23 20:27:39,858 - INFO - Mission generated successfully.
2024-01-23 20:27:39,858 - INFO - Date generated successfully.
2024-01-23 20:27:39,858 - INFO - Device generated successfully.
2024-01-23 20:27:39,858 - INFO - Device status generated successfully.
2024-01-23 20:27:39,858 - INFO - Hash generated successfully.
2024-01-23 20:27:39,859 - INFO - Mission generated successfully.
2024-01-23 20:27:39,859 - INFO - Date generated successfully.
2024-01-23 20:27:39,860 - INFO - Mission generated successfully.
2024-01-23 20:27:39,860 - INFO - Date generated successfully.
2024-01-23 20:27:39,860 - INFO - Device generated successfully.
2024-01-23 20:27:39,860 - INFO - Device status generated successfully.
2024-01-23 20:27:39,860 - INFO - Hash generated successfully.
2024-01-23 20:27:39,861 - INFO - Mission generated successfully.
2024-01-23 20:27:39,861 - INFO - Date generated successfully.
2024-01-23 20:27:39,861 - INFO - Device generated successfully.
2024-01-23 20:27:39,861 - INFO - Device status generated successfully.
2024-01-23 20:27:39,861 - INFO - Hash generated successfully.
2024-01-23 20:27:39,862 - INFO - Mission generated successfully.
2024-01-23 20:27:39,862 - INFO - Date generated successfully.
2024-01-23 20:27:39,862 - INFO - Device generated successfully.
2024-01-23 20:27:39,862 - INFO - Device status generated successfully.
2024-01-23 20:27:39,862 - INFO - Hash generated successfully.
2024-01-23 20:27:39,863 - INFO - Mission generated successfully.
2024-01-23 20:27:39,863 - INFO - Date generated successfully.
2024-01-23 20:27:39,863 - INFO - Device generated successfully.
2024-01-23 20:27:39,863 - INFO - Device status generated successfully.
2024-01-23 20:27:39,864 - INFO - Hash generated successfully.
2024-01-23 20:27:39,865 - INFO - Mission generated successfully.
2024-01-23 20:27:39,865 - INFO - Date generated successfully.
2024-01-23 20:27:39,866 - INFO - Mission generated successfully.
2024-01-23 20:27:39,866 - INFO - Date generated successfully.
2024-01-23 20:27:39,866 - INFO - Device generated successfully.
2024-01-23 20:27:39,866 - INFO - Device status generated successfully.
2024-01-23 20:27:39,866 - INFO - Hash generated successfully.
2024-01-23 20:27:39,867 - INFO - Mission generated successfully.
2024-01-23 20:27:39,867 - INFO - Date generated successfully.
2024-01-23 20:27:39,867 - INFO - Device generated successfully.
2024-01-23 20:27:39,867 - INFO - Device status generated successfully.
2024-01-23 20:27:39,867 - INFO - Hash generated successfully.
2024-01-23 20:27:39,868 - INFO - Mission generated successfully.
2024-01-23 20:27:39,868 - INFO - Date generated successfully.
2024-01-23 20:27:39,868 - INFO - Device generated successfully.
2024-01-23 20:27:39,868 - INFO - Device status generated successfully.
2024-01-23 20:27:39,868 - INFO - Hash generated successfully.
2024-01-23 20:27:39,870 - INFO - Mission generated successfully.
2024-01-23 20:27:39,870 - INFO - Date generated successfully.
2024-01-23 20:27:39,871 - INFO - Mission generated successfully.
2024-01-23 20:27:39,871 - INFO - Date generated successfully.
2024-01-23 20:27:39,871 - INFO - Device generated successfully.
2024-01-23 20:27:39,871 - INFO - Device status generated successfully.
2024-01-23 20:27:39,871 - INFO - Hash generated successfully.
2024-01-23 20:27:39,872 - INFO - Mission generated successfully.
2024-01-23 20:27:39,872 - INFO - Date generated successfully.
2024-01-23 20:27:39,872 - INFO - Device generated successfully.
2024-01-23 20:27:39,873 - INFO - Device status generated successfully.
2024-01-23 20:27:39,873 - INFO - Hash generated successfully.
2024-01-23 20:27:39,874 - INFO - Mission generated successfully.
2024-01-23 20:27:39,874 - INFO - Date generated successfully.
2024-01-23 20:27:39,875 - INFO - Mission generated successfully.
2024-01-23 20:27:39,875 - INFO - Date generated successfully.
2024-01-23 20:27:39,875 - INFO - Device generated successfully.
2024-01-23 20:27:39,875 - INFO - Device status generated successfully.
2024-01-23 20:27:39,875 - INFO - Hash generated successfully.
2024-01-23 20:27:39,876 - INFO - Mission generated successfully.
2024-01-23 20:27:39,876 - INFO - Date generated successfully.
2024-01-23 20:27:39,876 - INFO - Device generated successfully.
2024-01-23 20:27:39,877 - INFO - Device status generated successfully.
2024-01-23 20:27:39,877 - INFO - Hash generated successfully.
2024-01-23 20:27:39,878 - INFO - Mission generated successfully.
2024-01-23 20:27:39,878 - INFO - Date generated successfully.
2024-01-23 20:27:39,878 - INFO - Device generated successfully.
2024-01-23 20:27:39,878 - INFO - Device status generated successfully.
2024-01-23 20:27:39,878 - INFO - Hash generated successfully.
2024-01-23 20:27:39,879 - INFO - Mission generated successfully.
2024-01-23 20:27:39,879 - INFO - Date generated successfully.
2024-01-23 20:27:39,880 - INFO - Mission generated successfully.
2024-01-23 20:27:39,880 - INFO - Date generated successfully.
2024-01-23 20:27:39,880 - INFO - Device generated successfully.
2024-01-23 20:27:39,880 - INFO - Device status generated successfully.
2024-01-23 20:27:39,880 - INFO - Hash generated successfully.
2024-01-23 20:27:47,024 - INFO - Mission generated successfully.
2024-01-23 20:27:47,024 - INFO - Date generated successfully.
2024-01-23 20:27:47,024 - INFO - Device generated successfully.
2024-01-23 20:27:47,024 - INFO - Device status generated successfully.
2024-01-23 20:27:47,024 - INFO - Hash generated successfully.
2024-01-23 20:27:47,025 - INFO - Mission generated successfully.
2024-01-23 20:27:47,025 - INFO - Date generated successfully.
2024-01-23 20:27:47,025 - INFO - Device generated successfully.
2024-01-23 20:27:47,026 - INFO - Device status generated successfully.
2024-01-23 20:27:47,026 - INFO - Hash generated successfully.
2024-01-23 20:27:47,027 - INFO - Mission generated successfully.
2024-01-23 20:27:47,027 - INFO - Date generated successfully.
2024-01-23 20:27:47,027 - INFO - Device generated successfully.
2024-01-23 20:27:47,027 - INFO - Device status generated successfully.
2024-01-23 20:27:47,027 - INFO - Hash generated successfully.
2024-01-23 20:27:47,028 - INFO - Mission generated successfully.
2024-01-23 20:27:47,028 - INFO - Date generated successfully.
2024-01-23 20:27:47,029 - INFO - Mission generated successfully.
2024-01-23 20:27:47,029 - INFO - Date generated successfully.
2024-01-23 20:27:47,029 - INFO - Device generated successfully.
2024-01-23 20:27:47,029 - INFO - Device status generated successfully.
2024-01-23 20:27:47,030 - INFO - Hash generated successfully.
2024-01-23 20:27:47,030 - INFO - Mission generated successfully.
2024-01-23 20:27:47,031 - INFO - Date generated successfully.
2024-01-23 20:27:47,031 - INFO - Device generated successfully.
2024-01-23 20:27:47,031 - INFO - Device status generated successfully.
2024-01-23 20:27:47,031 - INFO - Hash generated successfully.
2024-01-23 20:27:47,032 - INFO - Mission generated successfully.
2024-01-23 20:27:47,032 - INFO - Date generated successfully.
2024-01-23 20:27:47,032 - INFO - Device generated successfully.
2024-01-23 20:27:47,032 - INFO - Device status generated successfully.
2024-01-23 20:27:47,032 - INFO - Hash generated successfully.
2024-01-23 20:27:47,033 - INFO - Mission generated successfully.
2024-01-23 20:27:47,033 - INFO - Date generated successfully.
2024-01-23 20:27:47,033 - INFO - Device generated successfully.
2024-01-23 20:27:47,033 - INFO - Device status generated successfully.
2024-01-23 20:27:47,033 - INFO - Hash generated successfully.
2024-01-23 20:27:47,034 - INFO - Mission generated successfully.
2024-01-23 20:27:47,034 - INFO - Date generated successfully.
2024-01-23 20:27:47,035 - INFO - Mission generated successfully.
2024-01-23 20:27:47,035 - INFO - Date generated successfully.
2024-01-23 20:27:47,035 - INFO - Device generated successfully.
2024-01-23 20:27:47,035 - INFO - Device status generated successfully.
2024-01-23 20:27:47,035 - INFO - Hash generated successfully.
2024-01-23 20:27:47,036 - INFO - Mission generated successfully.
2024-01-23 20:27:47,036 - INFO - Date generated successfully.
2024-01-23 20:27:47,036 - INFO - Device generated successfully.
2024-01-23 20:27:47,036 - INFO - Device status generated successfully.
2024-01-23 20:27:47,036 - INFO - Hash generated successfully.
2024-01-23 20:27:47,037 - INFO - Mission generated successfully.
2024-01-23 20:27:47,038 - INFO - Date generated successfully.
2024-01-23 20:27:47,038 - INFO - Mission generated successfully.
2024-01-23 20:27:47,039 - INFO - Date generated successfully.
2024-01-23 20:27:47,039 - INFO - Mission generated successfully.
2024-01-23 20:27:47,040 - INFO - Date generated successfully.
2024-01-23 20:27:47,040 - INFO - Device generated successfully.
2024-01-23 20:27:47,040 - INFO - Device status generated successfully.
2024-01-23 20:27:47,040 - INFO - Hash generated successfully.
2024-01-23 20:27:47,041 - INFO - Mission generated successfully.
2024-01-23 20:27:47,041 - INFO - Date generated successfully.
2024-01-23 20:27:47,041 - INFO - Device generated successfully.
2024-01-23 20:27:47,041 - INFO - Device status generated successfully.
2024-01-23 20:27:47,041 - INFO - Hash generated successfully.
2024-01-23 20:27:47,043 - INFO - Mission generated successfully.
2024-01-23 20:27:47,043 - INFO - Date generated successfully.
2024-01-23 20:27:47,043 - INFO - Device generated successfully.
2024-01-23 20:27:47,043 - INFO - Device status generated successfully.
2024-01-23 20:27:47,043 - INFO - Hash generated successfully.
2024-01-23 20:27:47,044 - INFO - Mission generated successfully.
2024-01-23 20:27:47,044 - INFO - Date generated successfully.
2024-01-23 20:27:47,044 - INFO - Device generated successfully.
2024-01-23 20:27:47,044 - INFO - Device status generated successfully.
2024-01-23 20:27:47,044 - INFO - Hash generated successfully.
2024-01-23 20:27:47,046 - INFO - Mission generated successfully.
2024-01-23 20:27:47,046 - INFO - Date generated successfully.
2024-01-23 20:27:47,046 - INFO - Device generated successfully.
2024-01-23 20:27:47,046 - INFO - Device status generated successfully.
2024-01-23 20:27:47,046 - INFO - Hash generated successfully.
2024-01-23 20:27:47,047 - INFO - Mission generated successfully.
2024-01-23 20:27:47,047 - INFO - Date generated successfully.
2024-01-23 20:27:47,047 - INFO - Device generated successfully.
2024-01-23 20:27:47,047 - INFO - Device status generated successfully.
2024-01-23 20:27:47,047 - INFO - Hash generated successfully.
2024-01-23 20:27:47,048 - INFO - Mission generated successfully.
2024-01-23 20:27:47,048 - INFO - Date generated successfully.
2024-01-23 20:27:47,048 - INFO - Device generated successfully.
2024-01-23 20:27:47,048 - INFO - Device status generated successfully.
2024-01-23 20:27:47,048 - INFO - Hash generated successfully.
2024-01-23 20:27:47,050 - INFO - Mission generated successfully.
2024-01-23 20:27:47,050 - INFO - Date generated successfully.
2024-01-23 20:27:47,050 - INFO - Device generated successfully.
2024-01-23 20:27:47,050 - INFO - Device status generated successfully.
2024-01-23 20:27:47,050 - INFO - Hash generated successfully.
2024-01-23 20:27:47,051 - INFO - Mission generated successfully.
2024-01-23 20:27:47,051 - INFO - Date generated successfully.
2024-01-23 20:27:47,051 - INFO - Device generated successfully.
2024-01-23 20:27:47,051 - INFO - Device status generated successfully.
2024-01-23 20:27:47,051 - INFO - Hash generated successfully.
2024-01-23 20:27:47,053 - INFO - Mission generated successfully.
2024-01-23 20:27:47,053 - INFO - Date generated successfully.
2024-01-23 20:27:47,053 - INFO - Device generated successfully.
2024-01-23 20:27:47,053 - INFO - Device status generated successfully.
2024-01-23 20:27:47,053 - INFO - Hash generated successfully.
2024-01-23 20:27:47,054 - INFO - Mission generated successfully.
2024-01-23 20:27:47,054 - INFO - Date generated successfully.
2024-01-23 20:27:47,054 - INFO - Device generated successfully.
2024-01-23 20:27:47,054 - INFO - Device status generated successfully.
2024-01-23 20:27:47,054 - INFO - Hash generated successfully.
2024-01-23 20:27:47,055 - INFO - Mission generated successfully.
2024-01-23 20:27:47,055 - INFO - Date generated successfully.
2024-01-23 20:27:47,055 - INFO - Device generated successfully.
2024-01-23 20:27:47,055 - INFO - Device status generated successfully.
2024-01-23 20:27:47,055 - INFO - Hash generated successfully.
2024-01-23 20:27:47,057 - INFO - Mission generated successfully.
2024-01-23 20:27:47,057 - INFO - Date generated successfully.
2024-01-23 20:27:47,057 - INFO - Device generated successfully.
2024-01-23 20:27:47,057 - INFO - Device status generated successfully.
2024-01-23 20:27:47,057 - INFO - Hash generated successfully.
2024-01-23 20:27:47,059 - INFO - Mission generated successfully.
2024-01-23 20:27:47,059 - INFO - Date generated successfully.
2024-01-23 20:27:47,060 - INFO - Mission generated successfully.
2024-01-23 20:27:47,060 - INFO - Date generated successfully.
2024-01-23 20:27:47,060 - INFO - Device generated successfully.
2024-01-23 20:27:47,060 - INFO - Device status generated successfully.
2024-01-23 20:27:47,060 - INFO - Hash generated successfully.
2024-01-23 20:27:47,062 - INFO - Mission generated successfully.
2024-01-23 20:27:47,062 - INFO - Date generated successfully.
2024-01-23 20:27:47,062 - INFO - Device generated successfully.
2024-01-23 20:27:47,062 - INFO - Device status generated successfully.
2024-01-23 20:27:47,062 - INFO - Hash generated successfully.
2024-01-23 20:27:47,063 - INFO - Mission generated successfully.
2024-01-23 20:27:47,064 - INFO - Date generated successfully.
2024-01-23 20:27:47,064 - INFO - Device generated successfully.
2024-01-23 20:27:47,064 - INFO - Device status generated successfully.
2024-01-23 20:27:47,064 - INFO - Hash generated successfully.
2024-01-23 20:27:52,071 - INFO - Mission generated successfully.
2024-01-23 20:27:52,071 - INFO - Date generated successfully.
2024-01-23 20:27:52,071 - INFO - Device generated successfully.
2024-01-23 20:27:52,071 - INFO - Device status generated successfully.
2024-01-23 20:27:52,071 - INFO - Hash generated successfully.
2024-01-23 20:27:52,072 - INFO - Mission generated successfully.
2024-01-23 20:27:52,072 - INFO - Date generated successfully.
2024-01-23 20:27:52,072 - INFO - Device generated successfully.
2024-01-23 20:27:52,073 - INFO - Device status generated successfully.
2024-01-23 20:27:52,073 - INFO - Hash generated successfully.
2024-01-23 20:27:52,074 - INFO - Mission generated successfully.
2024-01-23 20:27:52,074 - INFO - Date generated successfully.
2024-01-23 20:27:52,075 - INFO - Mission generated successfully.
2024-01-23 20:27:52,075 - INFO - Date generated successfully.
2024-01-23 20:27:52,075 - INFO - Device generated successfully.
2024-01-23 20:27:52,075 - INFO - Device status generated successfully.
2024-01-23 20:27:52,075 - INFO - Hash generated successfully.
2024-01-23 20:27:52,076 - INFO - Mission generated successfully.
2024-01-23 20:27:52,076 - INFO - Date generated successfully.
2024-01-23 20:27:52,076 - INFO - Device generated successfully.
2024-01-23 20:27:52,076 - INFO - Device status generated successfully.
2024-01-23 20:27:52,076 - INFO - Hash generated successfully.
2024-01-23 20:27:52,077 - INFO - Mission generated successfully.
2024-01-23 20:27:52,078 - INFO - Date generated successfully.
2024-01-23 20:27:52,078 - INFO - Device generated successfully.
2024-01-23 20:27:52,078 - INFO - Device status generated successfully.
2024-01-23 20:27:52,078 - INFO - Hash generated successfully.
2024-01-23 20:27:52,079 - INFO - Mission generated successfully.
2024-01-23 20:27:52,079 - INFO - Date generated successfully.
2024-01-23 20:27:52,080 - INFO - Mission generated successfully.
2024-01-23 20:27:52,080 - INFO - Date generated successfully.
2024-01-23 20:27:52,080 - INFO - Device generated successfully.
2024-01-23 20:27:52,080 - INFO - Device status generated successfully.
2024-01-23 20:27:52,080 - INFO - Hash generated successfully.
2024-01-23 20:27:52,081 - INFO - Mission generated successfully.
2024-01-23 20:27:52,081 - INFO - Date generated successfully.
2024-01-23 20:27:52,082 - INFO - Mission generated successfully.
2024-01-23 20:27:52,082 - INFO - Date generated successfully.
2024-01-23 20:27:52,082 - INFO - Device generated successfully.
2024-01-23 20:27:52,082 - INFO - Device status generated successfully.
2024-01-23 20:27:52,082 - INFO - Hash generated successfully.
2024-01-23 20:27:52,083 - INFO - Mission generated successfully.
2024-01-23 20:27:52,083 - INFO - Date generated successfully.
2024-01-23 20:27:52,083 - INFO - Device generated successfully.
2024-01-23 20:27:52,083 - INFO - Device status generated successfully.
2024-01-23 20:27:52,083 - INFO - Hash generated successfully.
2024-01-23 20:27:52,084 - INFO - Mission generated successfully.
2024-01-23 20:27:52,084 - INFO - Date generated successfully.
2024-01-23 20:27:52,085 - INFO - Mission generated successfully.
2024-01-23 20:27:52,085 - INFO - Date generated successfully.
2024-01-23 20:27:52,086 - INFO - Mission generated successfully.
2024-01-23 20:27:52,086 - INFO - Date generated successfully.
2024-01-23 20:27:52,088 - INFO - Mission generated successfully.
2024-01-23 20:27:52,088 - INFO - Date generated successfully.
2024-01-23 20:27:52,088 - INFO - Device generated successfully.
2024-01-23 20:27:52,088 - INFO - Device status generated successfully.
2024-01-23 20:27:52,088 - INFO - Hash generated successfully.
2024-01-23 20:27:52,089 - INFO - Mission generated successfully.
2024-01-23 20:27:52,089 - INFO - Date generated successfully.
2024-01-23 20:27:52,089 - INFO - Device generated successfully.
2024-01-23 20:27:52,089 - INFO - Device status generated successfully.
2024-01-23 20:27:52,089 - INFO - Hash generated successfully.
2024-01-23 20:27:52,090 - INFO - Mission generated successfully.
2024-01-23 20:27:52,090 - INFO - Date generated successfully.
2024-01-23 20:27:52,091 - INFO - Device generated successfully.
2024-01-23 20:27:52,091 - INFO - Device status generated successfully.
2024-01-23 20:27:52,091 - INFO - Hash generated successfully.
2024-01-23 20:27:52,092 - INFO - Mission generated successfully.
2024-01-23 20:27:52,092 - INFO - Date generated successfully.
2024-01-23 20:27:52,092 - INFO - Device generated successfully.
2024-01-23 20:27:52,092 - INFO - Device status generated successfully.
2024-01-23 20:27:52,092 - INFO - Hash generated successfully.
2024-01-23 20:27:52,093 - INFO - Mission generated successfully.
2024-01-23 20:27:52,093 - INFO - Date generated successfully.
2024-01-23 20:27:52,095 - INFO - Mission generated successfully.
2024-01-23 20:27:52,095 - INFO - Date generated successfully.
2024-01-23 20:27:52,096 - INFO - Mission generated successfully.
2024-01-23 20:27:52,096 - INFO - Date generated successfully.
2024-01-23 20:27:52,096 - INFO - Device generated successfully.
2024-01-23 20:27:52,096 - INFO - Device status generated successfully.
2024-01-23 20:27:52,096 - INFO - Hash generated successfully.
2024-01-23 20:27:52,097 - INFO - Mission generated successfully.
2024-01-23 20:27:52,097 - INFO - Date generated successfully.
2024-01-23 20:27:52,097 - INFO - Device generated successfully.
2024-01-23 20:27:52,097 - INFO - Device status generated successfully.
2024-01-23 20:27:52,097 - INFO - Hash generated successfully.
2024-01-23 20:27:52,098 - INFO - Mission generated successfully.
2024-01-23 20:27:52,098 - INFO - Date generated successfully.
2024-01-23 20:27:52,098 - INFO - Device generated successfully.
2024-01-23 20:27:52,098 - INFO - Device status generated successfully.
2024-01-23 20:27:52,098 - INFO - Hash generated successfully.
2024-01-23 20:27:52,099 - INFO - Mission generated successfully.
2024-01-23 20:27:52,100 - INFO - Date generated successfully.
2024-01-23 20:27:52,100 - INFO - Device generated successfully.
2024-01-23 20:27:52,100 - INFO - Device status generated successfully.
2024-01-23 20:27:52,100 - INFO - Hash generated successfully.
2024-01-23 20:31:14,227 - INFO - Mission generated successfully.
2024-01-23 20:31:14,227 - INFO - Date generated successfully.
2024-01-23 20:31:14,229 - INFO - Mission generated successfully.
2024-01-23 20:31:14,229 - INFO - Date generated successfully.
2024-01-23 20:31:14,229 - INFO - Device generated successfully.
2024-01-23 20:31:14,229 - INFO - Device status generated successfully.
2024-01-23 20:31:14,229 - INFO - Hash generated successfully.
2024-01-23 20:31:14,230 - INFO - Mission generated successfully.
2024-01-23 20:31:14,230 - INFO - Date generated successfully.
2024-01-23 20:31:23,347 - INFO - Mission generated successfully.
2024-01-23 20:31:23,347 - INFO - Date generated successfully.
2024-01-23 20:31:23,347 - INFO - Device generated successfully.
2024-01-23 20:31:23,347 - INFO - Device status generated successfully.
2024-01-23 20:31:23,347 - INFO - Hash generated successfully.
2024-01-23 20:31:23,349 - INFO - Mission generated successfully.
2024-01-23 20:31:23,349 - INFO - Date generated successfully.
2024-01-23 20:31:23,349 - INFO - Device generated successfully.
2024-01-23 20:31:23,349 - INFO - Device status generated successfully.
2024-01-23 20:31:23,349 - INFO - Hash generated successfully.
2024-01-23 20:31:23,350 - INFO - Mission generated successfully.
2024-01-23 20:31:23,350 - INFO - Date generated successfully.
2024-01-23 20:31:23,350 - INFO - Device generated successfully.
2024-01-23 20:31:23,350 - INFO - Device status generated successfully.
2024-01-23 20:31:23,350 - INFO - Hash generated successfully.
2024-01-23 20:31:23,351 - INFO - Mission generated successfully.
2024-01-23 20:31:23,351 - INFO - Date generated successfully.
2024-01-23 20:31:23,352 - INFO - Mission generated successfully.
2024-01-23 20:31:23,352 - INFO - Date generated successfully.
2024-01-23 20:31:23,352 - INFO - Device generated successfully.
2024-01-23 20:31:23,352 - INFO - Device status generated successfully.
2024-01-23 20:31:23,352 - INFO - Hash generated successfully.
2024-01-23 20:31:23,353 - INFO - Mission generated successfully.
2024-01-23 20:31:23,353 - INFO - Date generated successfully.
2024-01-23 20:31:23,353 - INFO - Device generated successfully.
2024-01-23 20:31:23,353 - INFO - Device status generated successfully.
2024-01-23 20:31:23,353 - INFO - Hash generated successfully.
2024-01-23 20:31:23,354 - INFO - Mission generated successfully.
2024-01-23 20:31:23,354 - INFO - Date generated successfully.
2024-01-23 20:31:23,354 - INFO - Device generated successfully.
2024-01-23 20:31:23,354 - INFO - Device status generated successfully.
2024-01-23 20:31:23,354 - INFO - Hash generated successfully.
2024-01-23 20:31:23,355 - INFO - Mission generated successfully.
2024-01-23 20:31:23,355 - INFO - Date generated successfully.
2024-01-23 20:31:23,355 - INFO - Device generated successfully.
2024-01-23 20:31:23,355 - INFO - Device status generated successfully.
2024-01-23 20:31:23,355 - INFO - Hash generated successfully.
2024-01-23 20:31:23,356 - INFO - Mission generated successfully.
2024-01-23 20:31:23,356 - INFO - Date generated successfully.
2024-01-23 20:31:23,356 - INFO - Device generated successfully.
2024-01-23 20:31:23,356 - INFO - Device status generated successfully.
2024-01-23 20:31:23,356 - INFO - Hash generated successfully.
2024-01-23 20:31:23,357 - INFO - Mission generated successfully.
2024-01-23 20:31:23,357 - INFO - Date generated successfully.
2024-01-23 20:31:23,358 - INFO - Mission generated successfully.
2024-01-23 20:31:23,358 - INFO - Date generated successfully.
2024-01-23 20:31:23,358 - INFO - Device generated successfully.
2024-01-23 20:31:23,358 - INFO - Device status generated successfully.
2024-01-23 20:31:23,358 - INFO - Hash generated successfully.
2024-01-23 20:31:23,359 - INFO - Mission generated successfully.
2024-01-23 20:31:23,359 - INFO - Date generated successfully.
2024-01-23 20:31:23,359 - INFO - Device generated successfully.
2024-01-23 20:31:23,359 - INFO - Device status generated successfully.
2024-01-23 20:31:23,359 - INFO - Hash generated successfully.
2024-01-23 20:31:23,359 - INFO - Mission generated successfully.
2024-01-23 20:31:23,359 - INFO - Date generated successfully.
2024-01-23 20:31:23,359 - INFO - Device generated successfully.
2024-01-23 20:31:23,359 - INFO - Device status generated successfully.
2024-01-23 20:31:23,360 - INFO - Hash generated successfully.
2024-01-23 20:31:23,360 - INFO - Mission generated successfully.
2024-01-23 20:31:23,360 - INFO - Date generated successfully.
2024-01-23 20:31:23,360 - INFO - Device generated successfully.
2024-01-23 20:31:23,360 - INFO - Device status generated successfully.
2024-01-23 20:31:23,360 - INFO - Hash generated successfully.
2024-01-23 20:31:23,361 - INFO - Mission generated successfully.
2024-01-23 20:31:23,361 - INFO - Date generated successfully.
2024-01-23 20:31:23,361 - INFO - Device generated successfully.
2024-01-23 20:31:23,361 - INFO - Device status generated successfully.
2024-01-23 20:31:23,361 - INFO - Hash generated successfully.
2024-01-23 20:31:23,362 - INFO - Mission generated successfully.
2024-01-23 20:31:23,362 - INFO - Date generated successfully.
2024-01-23 20:31:23,362 - INFO - Device generated successfully.
2024-01-23 20:31:23,362 - INFO - Device status generated successfully.
2024-01-23 20:31:23,362 - INFO - Hash generated successfully.
2024-01-23 20:31:23,363 - INFO - Mission generated successfully.
2024-01-23 20:31:23,363 - INFO - Date generated successfully.
2024-01-23 20:31:23,364 - INFO - Mission generated successfully.
2024-01-23 20:31:23,364 - INFO - Date generated successfully.
2024-01-23 20:31:23,364 - INFO - Device generated successfully.
2024-01-23 20:31:23,364 - INFO - Device status generated successfully.
2024-01-23 20:31:23,364 - INFO - Hash generated successfully.
2024-01-23 20:31:23,365 - INFO - Mission generated successfully.
2024-01-23 20:31:23,365 - INFO - Date generated successfully.
2024-01-23 20:31:23,365 - INFO - Mission generated successfully.
2024-01-23 20:31:23,365 - INFO - Date generated successfully.
2024-01-23 20:31:23,366 - INFO - Device generated successfully.
2024-01-23 20:31:23,366 - INFO - Device status generated successfully.
2024-01-23 20:31:23,366 - INFO - Hash generated successfully.
2024-01-23 20:31:28,369 - INFO - Mission generated successfully.
2024-01-23 20:31:28,369 - INFO - Date generated successfully.
2024-01-23 20:31:28,369 - INFO - Device generated successfully.
2024-01-23 20:31:28,369 - INFO - Device status generated successfully.
2024-01-23 20:31:28,369 - INFO - Hash generated successfully.
2024-01-23 20:31:28,371 - INFO - Mission generated successfully.
2024-01-23 20:31:28,371 - INFO - Date generated successfully.
2024-01-23 20:31:28,371 - INFO - Device generated successfully.
2024-01-23 20:31:28,371 - INFO - Device status generated successfully.
2024-01-23 20:31:28,371 - INFO - Hash generated successfully.
2024-01-23 20:31:28,372 - INFO - Mission generated successfully.
2024-01-23 20:31:28,372 - INFO - Date generated successfully.
2024-01-23 20:31:28,372 - INFO - Device generated successfully.
2024-01-23 20:31:28,372 - INFO - Device status generated successfully.
2024-01-23 20:31:28,372 - INFO - Hash generated successfully.
2024-01-23 20:31:28,373 - INFO - Mission generated successfully.
2024-01-23 20:31:28,373 - INFO - Date generated successfully.
2024-01-23 20:31:28,373 - INFO - Device generated successfully.
2024-01-23 20:31:28,373 - INFO - Device status generated successfully.
2024-01-23 20:31:28,374 - INFO - Hash generated successfully.
2024-01-23 20:31:28,375 - INFO - Mission generated successfully.
2024-01-23 20:31:28,375 - INFO - Date generated successfully.
2024-01-23 20:31:28,375 - INFO - Device generated successfully.
2024-01-23 20:31:28,375 - INFO - Device status generated successfully.
2024-01-23 20:31:28,375 - INFO - Hash generated successfully.
2024-01-23 20:31:28,376 - INFO - Mission generated successfully.
2024-01-23 20:31:28,376 - INFO - Date generated successfully.
2024-01-23 20:31:28,377 - INFO - Mission generated successfully.
2024-01-23 20:31:28,377 - INFO - Date generated successfully.
2024-01-23 20:31:28,377 - INFO - Device generated successfully.
2024-01-23 20:31:28,377 - INFO - Device status generated successfully.
2024-01-23 20:31:28,377 - INFO - Hash generated successfully.
2024-01-23 20:31:28,378 - INFO - Mission generated successfully.
2024-01-23 20:31:28,378 - INFO - Date generated successfully.
2024-01-23 20:31:28,378 - INFO - Device generated successfully.
2024-01-23 20:31:28,378 - INFO - Device status generated successfully.
2024-01-23 20:31:28,378 - INFO - Hash generated successfully.
2024-01-23 20:31:28,380 - INFO - Mission generated successfully.
2024-01-23 20:31:28,380 - INFO - Date generated successfully.
2024-01-23 20:31:28,380 - INFO - Device generated successfully.
2024-01-23 20:31:28,380 - INFO - Device status generated successfully.
2024-01-23 20:31:28,380 - INFO - Hash generated successfully.
2024-01-23 20:31:28,381 - INFO - Mission generated successfully.
2024-01-23 20:31:28,381 - INFO - Date generated successfully.
2024-01-23 20:31:28,381 - INFO - Device generated successfully.
2024-01-23 20:31:28,381 - INFO - Device status generated successfully.
2024-01-23 20:31:28,381 - INFO - Hash generated successfully.
2024-01-23 20:31:28,382 - INFO - Mission generated successfully.
2024-01-23 20:31:28,382 - INFO - Date generated successfully.
2024-01-23 20:31:28,382 - INFO - Device generated successfully.
2024-01-23 20:31:28,382 - INFO - Device status generated successfully.
2024-01-23 20:31:28,382 - INFO - Hash generated successfully.
2024-01-23 22:35:10,113 - INFO - Mission generated successfully.
2024-01-23 22:35:10,114 - INFO - Date generated successfully.
2024-01-23 22:35:10,114 - INFO - Device generated successfully.
2024-01-23 22:35:10,114 - INFO - Device status generated successfully.
2024-01-23 22:35:10,114 - INFO - Hash generated successfully.
2024-01-23 22:35:10,115 - INFO - Mission generated successfully.
2024-01-23 22:35:10,115 - INFO - Date generated successfully.
2024-01-23 22:35:10,115 - INFO - Device generated successfully.
2024-01-23 22:35:10,115 - INFO - Device status generated successfully.
2024-01-23 22:35:10,115 - INFO - Hash generated successfully.
2024-01-23 22:35:10,116 - INFO - Mission generated successfully.
2024-01-23 22:35:10,116 - INFO - Date generated successfully.
2024-01-23 22:35:10,117 - INFO - Device generated successfully.
2024-01-23 22:35:10,117 - INFO - Device status generated successfully.
2024-01-23 22:35:10,117 - INFO - Hash generated successfully.
2024-01-23 22:35:10,117 - INFO - Mission generated successfully.
2024-01-23 22:35:10,118 - INFO - Date generated successfully.
2024-01-23 22:35:10,118 - INFO - Device generated successfully.
2024-01-23 22:35:10,118 - INFO - Device status generated successfully.
2024-01-23 22:35:10,118 - INFO - Hash generated successfully.
2024-01-23 22:35:10,118 - INFO - Mission generated successfully.
2024-01-23 22:35:10,119 - INFO - Date generated successfully.
2024-01-23 22:35:10,119 - INFO - Device generated successfully.
2024-01-23 22:35:10,119 - INFO - Device status generated successfully.
2024-01-23 22:35:10,119 - INFO - Hash generated successfully.
2024-01-23 22:35:10,119 - INFO - Mission generated successfully.
2024-01-23 22:35:10,119 - INFO - Date generated successfully.
2024-01-23 22:35:10,120 - INFO - Device generated successfully.
2024-01-23 22:35:10,120 - INFO - Device status generated successfully.
2024-01-23 22:35:10,120 - INFO - Hash generated successfully.
2024-01-23 22:35:10,120 - INFO - Mission generated successfully.
2024-01-23 22:35:10,120 - INFO - Date generated successfully.
2024-01-23 22:35:10,121 - INFO - Device generated successfully.
2024-01-23 22:35:10,121 - INFO - Device status generated successfully.
2024-01-23 22:35:10,121 - INFO - Hash generated successfully.
2024-01-23 22:35:10,121 - INFO - Mission generated successfully.
2024-01-23 22:35:10,121 - INFO - Date generated successfully.
2024-01-23 22:35:10,121 - INFO - Device generated successfully.
2024-01-23 22:35:10,122 - INFO - Device status generated successfully.
2024-01-23 22:35:10,122 - INFO - Hash generated successfully.
2024-01-23 22:35:10,122 - INFO - Mission generated successfully.
2024-01-23 22:35:10,122 - INFO - Date generated successfully.
2024-01-23 22:35:10,123 - INFO - Mission generated successfully.
2024-01-23 22:35:10,123 - INFO - Date generated successfully.
2024-01-23 22:35:10,124 - INFO - Mission generated successfully.
2024-01-23 22:35:10,124 - INFO - Date generated successfully.
2024-01-23 22:35:10,124 - INFO - Device generated successfully.
2024-01-23 22:35:10,124 - INFO - Device status generated successfully.
2024-01-23 22:35:10,124 - INFO - Hash generated successfully.
2024-01-23 22:35:10,126 - INFO - Mission generated successfully.
2024-01-23 22:35:10,126 - INFO - Date generated successfully.
2024-01-23 22:35:10,126 - INFO - Device generated successfully.
2024-01-23 22:35:10,126 - INFO - Device status generated successfully.
2024-01-23 22:35:10,126 - INFO - Hash generated successfully.
2024-01-23 22:35:10,127 - INFO - Mission generated successfully.
2024-01-23 22:35:10,127 - INFO - Date generated successfully.
2024-01-23 22:35:10,127 - INFO - Device generated successfully.
2024-01-23 22:35:10,127 - INFO - Device status generated successfully.
2024-01-23 22:35:10,127 - INFO - Hash generated successfully.
2024-01-23 22:35:10,128 - INFO - Mission generated successfully.
2024-01-23 22:35:10,128 - INFO - Date generated successfully.
2024-01-23 22:35:10,128 - INFO - Device generated successfully.
2024-01-23 22:35:10,128 - INFO - Device status generated successfully.
2024-01-23 22:35:10,128 - INFO - Hash generated successfully.
2024-01-23 22:35:10,129 - INFO - Mission generated successfully.
2024-01-23 22:35:10,129 - INFO - Date generated successfully.
2024-01-23 22:35:10,129 - INFO - Mission generated successfully.
2024-01-23 22:35:10,129 - INFO - Date generated successfully.
2024-01-23 22:35:10,129 - INFO - Device generated successfully.
2024-01-23 22:35:10,130 - INFO - Device status generated successfully.
2024-01-23 22:35:10,130 - INFO - Hash generated successfully.
2024-01-23 22:35:15,136 - INFO - Mission generated successfully.
2024-01-23 22:35:15,136 - INFO - Date generated successfully.
2024-01-23 22:35:15,136 - INFO - Device generated successfully.
2024-01-23 22:35:15,136 - INFO - Device status generated successfully.
2024-01-23 22:35:15,136 - INFO - Hash generated successfully.
2024-01-23 22:35:15,137 - INFO - Mission generated successfully.
2024-01-23 22:35:15,137 - INFO - Date generated successfully.
2024-01-23 22:35:15,137 - INFO - Device generated successfully.
2024-01-23 22:35:15,137 - INFO - Device status generated successfully.
2024-01-23 22:35:15,137 - INFO - Hash generated successfully.
2024-01-23 22:35:15,138 - INFO - Mission generated successfully.
2024-01-23 22:35:15,138 - INFO - Date generated successfully.
2024-01-23 22:35:15,138 - INFO - Device generated successfully.
2024-01-23 22:35:15,138 - INFO - Device status generated successfully.
2024-01-23 22:35:15,138 - INFO - Hash generated successfully.
2024-01-23 22:35:20,142 - INFO - Mission generated successfully.
2024-01-23 22:35:20,142 - INFO - Date generated successfully.
2024-01-23 22:35:20,142 - INFO - Device generated successfully.
2024-01-23 22:35:20,142 - INFO - Device status generated successfully.
2024-01-23 22:35:20,142 - INFO - Hash generated successfully.
2024-01-23 22:35:20,143 - INFO - Mission generated successfully.
2024-01-23 22:35:20,143 - INFO - Date generated successfully.
2024-01-23 22:35:20,143 - INFO - Device generated successfully.
2024-01-23 22:35:20,143 - INFO - Device status generated successfully.
2024-01-23 22:35:20,143 - INFO - Hash generated successfully.
2024-01-23 22:35:20,144 - INFO - Mission generated successfully.
2024-01-23 22:35:20,144 - INFO - Date generated successfully.
2024-01-23 22:35:20,144 - INFO - Device generated successfully.
2024-01-23 22:35:20,144 - INFO - Device status generated successfully.
2024-01-23 22:35:20,144 - INFO - Hash generated successfully.
2024-01-23 22:35:20,145 - INFO - Mission generated successfully.
2024-01-23 22:35:20,145 - INFO - Date generated successfully.
2024-01-23 22:35:20,146 - INFO - Mission generated successfully.
2024-01-23 22:35:20,146 - INFO - Date generated successfully.
2024-01-23 22:35:20,146 - INFO - Device generated successfully.
2024-01-23 22:35:20,146 - INFO - Device status generated successfully.
2024-01-23 22:35:20,146 - INFO - Hash generated successfully.
2024-01-23 22:35:26,373 - INFO - Mission generated successfully.
2024-01-23 22:35:26,373 - INFO - Date generated successfully.
2024-01-23 22:35:26,373 - INFO - Device generated successfully.
2024-01-23 22:35:26,373 - INFO - Device status generated successfully.
2024-01-23 22:35:26,373 - INFO - Hash generated successfully.
2024-01-23 22:35:26,374 - INFO - Mission generated successfully.
2024-01-23 22:35:26,374 - INFO - Date generated successfully.
2024-01-23 22:35:26,374 - INFO - Device generated successfully.
2024-01-23 22:35:26,374 - INFO - Device status generated successfully.
2024-01-23 22:35:26,375 - INFO - Hash generated successfully.
2024-01-23 22:35:26,375 - INFO - Mission generated successfully.
2024-01-23 22:35:26,375 - INFO - Date generated successfully.
2024-01-23 22:35:26,375 - INFO - Device generated successfully.
2024-01-23 22:35:26,375 - INFO - Device status generated successfully.
2024-01-23 22:35:26,376 - INFO - Hash generated successfully.
2024-01-23 22:35:26,376 - INFO - Mission generated successfully.
2024-01-23 22:35:26,376 - INFO - Date generated successfully.
2024-01-23 22:35:26,376 - INFO - Device generated successfully.
2024-01-23 22:35:26,377 - INFO - Device status generated successfully.
2024-01-23 22:35:26,377 - INFO - Hash generated successfully.
2024-01-23 22:35:26,377 - INFO - Mission generated successfully.
2024-01-23 22:35:26,377 - INFO - Date generated successfully.
2024-01-23 22:35:26,377 - INFO - Device generated successfully.
2024-01-23 22:35:26,377 - INFO - Device status generated successfully.
2024-01-23 22:35:26,378 - INFO - Hash generated successfully.
2024-01-23 22:35:26,378 - INFO - Mission generated successfully.
2024-01-23 22:35:26,378 - INFO - Date generated successfully.
2024-01-23 22:35:26,378 - INFO - Device generated successfully.
2024-01-23 22:35:26,378 - INFO - Device status generated successfully.
2024-01-23 22:35:26,378 - INFO - Hash generated successfully.
2024-01-23 22:35:26,379 - INFO - Mission generated successfully.
2024-01-23 22:35:26,379 - INFO - Date generated successfully.
2024-01-23 22:35:26,379 - INFO - Device generated successfully.
2024-01-23 22:35:26,379 - INFO - Device status generated successfully.
2024-01-23 22:35:26,379 - INFO - Hash generated successfully.
2024-01-23 22:35:26,380 - INFO - Mission generated successfully.
2024-01-23 22:35:26,380 - INFO - Date generated successfully.
2024-01-23 22:35:26,380 - INFO - Device generated successfully.
2024-01-23 22:35:26,380 - INFO - Device status generated successfully.
2024-01-23 22:35:26,380 - INFO - Hash generated successfully.
2024-01-23 22:35:26,381 - INFO - Mission generated successfully.
2024-01-23 22:35:26,381 - INFO - Date generated successfully.
2024-01-23 22:35:26,381 - INFO - Device generated successfully.
2024-01-23 22:35:26,381 - INFO - Device status generated successfully.
2024-01-23 22:35:26,381 - INFO - Hash generated successfully.
2024-01-23 22:35:26,382 - INFO - Mission generated successfully.
2024-01-23 22:35:26,382 - INFO - Date generated successfully.
2024-01-23 22:35:26,383 - INFO - Mission generated successfully.
2024-01-23 22:35:26,383 - INFO - Date generated successfully.
2024-01-23 22:35:26,383 - INFO - Device generated successfully.
2024-01-23 22:35:26,383 - INFO - Device status generated successfully.
2024-01-23 22:35:26,383 - INFO - Hash generated successfully.
2024-01-23 22:35:26,384 - INFO - Mission generated successfully.
2024-01-23 22:35:26,384 - INFO - Date generated successfully.
2024-01-23 22:35:26,384 - INFO - Device generated successfully.
2024-01-23 22:35:26,384 - INFO - Device status generated successfully.
2024-01-23 22:35:26,384 - INFO - Hash generated successfully.
2024-01-23 22:35:26,385 - INFO - Mission generated successfully.
2024-01-23 22:35:26,385 - INFO - Date generated successfully.
2024-01-23 22:35:26,385 - INFO - Device generated successfully.
2024-01-23 22:35:26,385 - INFO - Device status generated successfully.
2024-01-23 22:35:26,385 - INFO - Hash generated successfully.
2024-01-23 22:35:26,386 - INFO - Mission generated successfully.
2024-01-23 22:35:26,386 - INFO - Date generated successfully.
2024-01-23 22:35:26,387 - INFO - Device generated successfully.
2024-01-23 22:35:26,387 - INFO - Device status generated successfully.
2024-01-23 22:35:26,387 - INFO - Hash generated successfully.
2024-01-23 22:35:26,387 - INFO - Mission generated successfully.
2024-01-23 22:35:26,387 - INFO - Date generated successfully.
2024-01-23 22:35:26,387 - INFO - Device generated successfully.
2024-01-23 22:35:26,388 - INFO - Device status generated successfully.
2024-01-23 22:35:26,388 - INFO - Hash generated successfully.
2024-01-23 22:35:26,388 - INFO - Mission generated successfully.
2024-01-23 22:35:26,388 - INFO - Date generated successfully.
2024-01-23 22:35:26,389 - INFO - Device generated successfully.
2024-01-23 22:35:26,389 - INFO - Device status generated successfully.
2024-01-23 22:35:26,389 - INFO - Hash generated successfully.
2024-01-23 22:35:31,394 - INFO - Mission generated successfully.
2024-01-23 22:35:31,395 - INFO - Date generated successfully.
2024-01-23 22:35:31,395 - INFO - Device generated successfully.
2024-01-23 22:35:31,395 - INFO - Device status generated successfully.
2024-01-23 22:35:31,395 - INFO - Hash generated successfully.
2024-01-23 22:35:31,396 - INFO - Mission generated successfully.
2024-01-23 22:35:31,396 - INFO - Date generated successfully.
2024-01-23 22:35:31,396 - INFO - Device generated successfully.
2024-01-23 22:35:31,396 - INFO - Device status generated successfully.
2024-01-23 22:35:31,396 - INFO - Hash generated successfully.
2024-01-23 22:35:31,397 - INFO - Mission generated successfully.
2024-01-23 22:35:31,397 - INFO - Date generated successfully.
2024-01-23 22:35:31,398 - INFO - Mission generated successfully.
2024-01-23 22:35:31,398 - INFO - Date generated successfully.
2024-01-23 22:35:31,398 - INFO - Device generated successfully.
2024-01-23 22:35:31,398 - INFO - Device status generated successfully.
2024-01-23 22:35:31,398 - INFO - Hash generated successfully.
2024-01-23 22:35:31,399 - INFO - Mission generated successfully.
2024-01-23 22:35:31,399 - INFO - Date generated successfully.
2024-01-23 22:35:31,400 - INFO - Mission generated successfully.
2024-01-23 22:35:31,400 - INFO - Date generated successfully.
2024-01-23 22:35:31,400 - INFO - Device generated successfully.
2024-01-23 22:35:31,400 - INFO - Device status generated successfully.
2024-01-23 22:35:31,400 - INFO - Hash generated successfully.
