Summary:
  File 1 Summary:
    Date: 17-01-2024 17:16:40
    Mission: VacMars
    Device: vehicles
    Device Status: killed
    Hash: a2cfa2456b121391956a80e2ab4057faa7fb2b4ffbbf393115f83737d958d4f2

  File 2 Summary:
    Date: 17-01-2024 17:16:40
    Mission: VacMars
    Device: vehicles
    Device Status: faulty
    Hash: 1cc080f5f22c5f67736a79154800e32d88e2a591a129b77928a50a26a4159dda

  File 3 Summary:
    Date: 17-01-2024 17:16:40
    Mission: VacMars
    Device: airplanes
    Device Status: warning
    Hash: aa1e51fe94e399bfb572b11ad51414651b58f62ee750e4ec5880ad699af47fa5

  File 4 Summary:
    Date: 17-01-2024 17:16:40
    Mission: GalaxyTwo
    Device: vehicles
    Device Status: warning
    Hash: 7a657d607e2b216b2eb890c906c5f788102694df3d558f1384e15113532b41d4

  File 5 Summary:
    Date: 17-01-2024 17:16:40
    Mission: OrbitOne
    Device: airplanes
    Device Status: unknown
    Hash: 3af1a30f78712779accb8c097f3a7d31a5dfee79b214c117ce92e1e6ef76913d

  File 6 Summary:
    Date: 17-01-2024 17:16:40
    Mission: OrbitOne
    Device: suits
    Device Status: excellent
    Hash: e2fdc16a62f7d9db0d6191b898b5a80d40cab8b681bb512f1ee731efa42ffa62

  File 7 Summary:
    Date: 17-01-2024 17:16:40
    Mission: VacMars
    Device: suits
    Device Status: unknown
    Hash: 45b89dff68af3062d15652ceef30c21eceb4a81e564fa11803f84b2ec84a8534

  File 8 Summary:
    Date: 17-01-2024 17:16:40
    Mission: VacMars
    Device: satellites
    Device Status: killed
    Hash: 0eb6a83bb6dae78f1156b023ee136612e4a996cbbc3af2fc8cb9974d8cd0d29d

  File 9 Summary:
    Date: 17-01-2024 17:16:40
    Mission: OrbitOne
    Device: vehicles
    Device Status: unknown
    Hash: 16e0e44028d0eae5a8ff6387039ca0e67ae6b9513fb1e0bddd5ee4fd357d976c

  File 10 Summary:
    Date: 17-01-2024 17:16:40
    Mission: GalaxyTwo
    Device: vehicles
    Device Status: excellent
    Hash: 939ae8c08ffc34eb6d7ae9c177a4f023ddcb03ea41cf46231a51ae2b377fb3ab

  File 11 Summary:
    Date: 17-01-2024 17:16:40
    Mission: Unknown
    Device: unknown
    Device Status: unknown
    Hash: unknown


Device Counts:
  Mission: VacMars
    vehicles: 2
      vehicles Status: killed: 1
      vehicles Status: faulty: 1
    airplanes: 1
      airplanes Status: warning: 1
    suits: 1
      suits Status: unknown: 1
    satellites: 1
      satellites Status: killed: 1

  Mission: GalaxyTwo
    vehicles: 2
      vehicles Status: warning: 1
      vehicles Status: excellent: 1

  Mission: OrbitOne
    airplanes: 1
      airplanes Status: unknown: 1
    suits: 1
      suits Status: excellent: 1
    vehicles: 1
      vehicles Status: unknown: 1

  Mission: Unknown
    unknown: 1
      unknown Status: unknown: 1

